<?xml version="1.0" encoding="UTF-8"?>
<!-- Generated by org.testng.reporters.JUnitXMLReporter -->
<testsuite ignored="0" hostname="user-PC" failures="0" tests="2" name=" Add_Remove Element TestCases" time="7.634" errors="0" timestamp="2024-03-31T20:01:00 IST">
  <testcase classname="locators_selenium_Interactions.AddAndRemove_Elements" name="MoveTOAdd_RemoveLink" time="4.524"/>
  <testcase classname="locators_selenium_Interactions.AddAndRemove_Elements" name="Add_RemoveElements" time="2.808"/>
</testsuite> <!--  Add_Remove Element TestCases -->
