<?xml version="1.0" encoding="UTF-8"?>
<!-- Generated by org.testng.reporters.JUnitXMLReporter -->
<testsuite ignored="0" hostname="user-PC" failures="0" tests="2" name=" DragAndDrop TestCases" time="2.194" errors="0" timestamp="2024-03-31T20:01:48 IST">
  <testcase classname="locators_selenium_Interactions.DragAndDrop" name="Drag_DropLink" time="1.483"/>
  <testcase classname="locators_selenium_Interactions.DragAndDrop" name="DragAndDrops" time="0.695"/>
</testsuite> <!--  DragAndDrop TestCases -->
