<?xml version="1.0" encoding="UTF-8"?>
<!-- Generated by org.testng.reporters.JUnitXMLReporter -->
<testsuite ignored="0" hostname="user-PC" failures="0" tests="6" name=" Dynamic_Controls TestCases" time="16.792" errors="0" timestamp="2024-03-31T20:02:08 IST">
  <testcase classname="locators_selenium_Interactions.Dynamic_Controls" name="DynamicControlsLink" time="2.388"/>
  <testcase classname="locators_selenium_Interactions.Dynamic_Controls" name="RemoveCheckBox" time="3.611"/>
  <testcase classname="locators_selenium_Interactions.Dynamic_Controls" name="AddCheckBox" time="3.393"/>
  <testcase classname="locators_selenium_Interactions.Dynamic_Controls" name="VerifyInputBox" time="0.035"/>
  <testcase classname="locators_selenium_Interactions.Dynamic_Controls" name="EnableInputBox" time="4.156"/>
  <testcase classname="locators_selenium_Interactions.Dynamic_Controls" name="DisableInputBox" time="3.149"/>
</testsuite> <!--  Dynamic_Controls TestCases -->
