<?xml version="1.0" encoding="UTF-8"?>
<!-- Generated by org.testng.reporters.JUnitXMLReporter -->
<testsuite ignored="0" hostname="user-PC" failures="0" tests="2" name=" File Download TestCases" time="8.72" errors="0" timestamp="2024-03-31T20:02:19 IST">
  <testcase classname="locators_selenium_Interactions.File_Download" name="Filedownloadlink" time="2.106"/>
  <testcase classname="locators_selenium_Interactions.File_Download" name="Downloadfile" time="6.557"/>
</testsuite> <!--  File Download TestCases -->
