<?xml version="1.0" encoding="UTF-8"?>
<!-- Generated by org.testng.reporters.JUnitXMLReporter -->
<testsuite ignored="0" hostname="user-PC" failures="0" tests="2" name=" File Upload TestCases" time="8.622" errors="0" timestamp="2024-03-31T20:02:28 IST">
  <testcase classname="locators_selenium_Interactions.File_Upload" name="FileUploadLink" time="4.546"/>
  <testcase classname="locators_selenium_Interactions.File_Upload" name="FileUpload" time="4.045"/>
</testsuite> <!--  File Upload TestCases -->
