<?xml version="1.0" encoding="UTF-8"?>
<!-- Generated by org.testng.reporters.JUnitXMLReporter -->
<testsuite ignored="0" hostname="user-PC" failures="0" tests="5" name=" Form Authentication TestCases" time="21.721" errors="0" timestamp="2024-03-31T20:02:54 IST">
  <testcase classname="locators_selenium_Interactions.Form_Authentication" name="FormAuthenticationLink" time="16.984"/>
  <testcase classname="locators_selenium_Interactions.Form_Authentication" name="FormAuthenticationUsingInvalidCredentials" time="2.21"/>
  <testcase classname="locators_selenium_Interactions.Form_Authentication" name="FormAuthenticationUsingValidCredentials" time="1.024"/>
  <testcase classname="locators_selenium_Interactions.Form_Authentication" name="VerifyCredentialsInfo" time="0.145"/>
  <testcase classname="locators_selenium_Interactions.Form_Authentication" name="LogoutAccount" time="1.265"/>
</testsuite> <!--  Form Authentication TestCases -->
