<?xml version="1.0" encoding="UTF-8"?>
<!-- Generated by org.testng.reporters.JUnitXMLReporter -->
<testsuite ignored="0" hostname="user-PC" failures="0" tests="2" name=" Forgot Password TestCases" time="3.691" errors="0" timestamp="2024-03-31T20:02:32 IST">
  <testcase classname="locators_selenium_Interactions.Forgot_Password" name="ForgotPasswordlink" time="2.091"/>
  <testcase classname="locators_selenium_Interactions.Forgot_Password" name="ForgotPassword" time="1.576"/>
</testsuite> <!--  Forgot Password TestCases -->
