<?xml version="1.0" encoding="UTF-8"?>
<!-- Generated by org.testng.reporters.JUnitXMLReporter -->
<testsuite ignored="0" hostname="user-PC" failures="0" tests="2" name=" Infinite Scroll TestCases" time="2.589" errors="0" timestamp="2024-03-31T20:03:58 IST">
  <testcase classname="locators_selenium_Interactions.Infinite_Scroll" name="Infinite_ScrollLink" time="2.353"/>
  <testcase classname="locators_selenium_Interactions.Infinite_Scroll" name="InfiniteScroll" time="0.195"/>
</testsuite> <!--  Infinite Scroll TestCases -->
