<?xml version="1.0" encoding="UTF-8"?>
<!-- Generated by org.testng.reporters.JUnitXMLReporter -->
<testsuite ignored="0" hostname="user-PC" failures="0" tests="2" name=" Input_interacts TestCases" time="2.481" errors="0" timestamp="2024-03-31T20:03:17 IST">
  <testcase classname="locators_selenium_Interactions.Input_interacts" name="InputLink" time="1.511"/>
  <testcase classname="locators_selenium_Interactions.Input_interacts" name="Inputs" time="0.927"/>
</testsuite> <!--  Input_interacts TestCases -->
