<?xml version="1.0" encoding="UTF-8"?>
<!-- Generated by org.testng.reporters.JUnitXMLReporter -->
<testsuite ignored="0" hostname="user-PC" failures="0" tests="2" name=" JavaScript_Alerts TestCases" time="3.051" errors="0" timestamp="2024-03-31T20:03:20 IST">
  <testcase classname="locators_selenium_Interactions.JavaScript_Alerts" name="JavaScriptAlertsLink" time="1.293"/>
  <testcase classname="locators_selenium_Interactions.JavaScript_Alerts" name="JavaScriptAlerts" time="1.737"/>
</testsuite> <!--  JavaScript_Alerts TestCases -->
