<?xml version="1.0" encoding="UTF-8"?>
<!-- Generated by org.testng.reporters.JUnitXMLReporter -->
<testsuite ignored="0" hostname="user-PC" failures="0" tests="2" name=" JQuery_UI_Menus TestCases" time="10.352" errors="0" timestamp="2024-03-31T20:03:55 IST">
  <testcase classname="locators_selenium_Interactions.JQuery_UI_Menus" name="JQuery_UI_MenusLink" time="2.128"/>
  <testcase classname="locators_selenium_Interactions.JQuery_UI_Menus" name="JQueryUIMenus" time="8.197"/>
</testsuite> <!--  JQuery_UI_Menus TestCases -->
