<?xml version="1.0" encoding="UTF-8"?>
<!-- Generated by org.testng.reporters.JUnitXMLReporter -->
<testsuite ignored="0" hostname="user-PC" failures="0" tests="2" name=" Key_Presses TestCases" time="2.242" errors="0" timestamp="2024-03-31T20:03:23 IST">
  <testcase classname="locators_selenium_Interactions.Key_Presses" name="KeyPressesLink" time="1.568"/>
  <testcase classname="locators_selenium_Interactions.Key_Presses" name="KeyPresses_Interact" time="0.632"/>
</testsuite> <!--  Key_Presses TestCases -->
