<?xml version="1.0" encoding="UTF-8"?>
<!-- Generated by org.testng.reporters.JUnitXMLReporter -->
<testsuite ignored="0" hostname="user-PC" failures="0" tests="2" name=" Multiple_Windows TestCases" time="4.958" errors="0" timestamp="2024-03-31T20:03:28 IST">
  <testcase classname="locators_selenium_Interactions.Multiple_Windows" name="MultipleWindowsLink" time="1.259"/>
  <testcase classname="locators_selenium_Interactions.Multiple_Windows" name="MultipleWindow" time="3.672"/>
</testsuite> <!--  Multiple_Windows TestCases -->
