<?xml version="1.0" encoding="UTF-8"?>
<!-- Generated by org.testng.reporters.JUnitXMLReporter -->
<testsuite ignored="0" hostname="user-PC" failures="0" tests="2" name=" Nested_Frames TestCases" time="3.154" errors="0" timestamp="2024-03-31T20:03:31 IST">
  <testcase classname="locators_selenium_Interactions.Nested_Frames" name="NestedFramesLink" time="2.763"/>
  <testcase classname="locators_selenium_Interactions.Nested_Frames" name="NFrames" time="0.363"/>
</testsuite> <!--  Nested_Frames TestCases -->
