<?xml version="1.0" encoding="UTF-8"?>
<!-- Generated by org.testng.reporters.JUnitXMLReporter -->
<testsuite ignored="0" hostname="user-PC" failures="0" tests="2" name=" Notification_Messages TestCases" time="3.576" errors="0" timestamp="2024-03-31T20:03:35 IST">
  <testcase classname="locators_selenium_Interactions.Notification_Messages" name="Notification_MessagesLink" time="1.828"/>
  <testcase classname="locators_selenium_Interactions.Notification_Messages" name="NotificationMessages" time="1.71"/>
</testsuite> <!--  Notification_Messages TestCases -->
