<?xml version="1.0" encoding="UTF-8"?>
<!-- Generated by org.testng.reporters.JUnitXMLReporter -->
<testsuite ignored="0" hostname="user-PC" failures="0" tests="6" name=" Redirect_Link TestCases" time="7.635" errors="0" timestamp="2024-03-31T20:03:43 IST">
  <testcase classname="locators_selenium_Interactions.Redirect_Link" name="RedirectLink" time="1.837"/>
  <testcase classname="locators_selenium_Interactions.Redirect_Link" name="Redirect_LinkInteract" time="1.031"/>
  <testcase classname="locators_selenium_Interactions.Redirect_Link" name="HttpStatusCode200" time="1.429"/>
  <testcase classname="locators_selenium_Interactions.Redirect_Link" name="HttpStatusCode301" time="1.192"/>
  <testcase classname="locators_selenium_Interactions.Redirect_Link" name="HttpStatusCode404" time="1.336"/>
  <testcase classname="locators_selenium_Interactions.Redirect_Link" name="HttpStatusCode500" time="0.768"/>
</testsuite> <!--  Redirect_Link TestCases -->
