<?xml version="1.0" encoding="UTF-8"?>
<!-- Generated by org.testng.reporters.JUnitXMLReporter -->
<testsuite ignored="0" hostname="user-PC" failures="0" tests="2" name=" Secure_File_Download  TestCases" time="52.111" errors="0" timestamp="2024-03-31T20:04:50 IST">
  <testcase classname="locators_selenium_Interactions.Secure_File_Download" name="Setup_SecureFileDownload" time="31.84"/>
  <testcase classname="locators_selenium_Interactions.Secure_File_Download" name="SecureFileDownload" time="20.256"/>
</testsuite> <!--  Secure_File_Download  TestCases -->
