<?xml version="1.0" encoding="UTF-8"?>
<!-- Generated by org.testng.reporters.JUnitXMLReporter -->
<testsuite ignored="0" hostname="user-PC" failures="0" tests="4" name="Basic Auth And Digest Auth TestCases" time="59.275" errors="0" timestamp="2024-03-31T20:05:49 IST">
  <testcase classname="locators_selenium_Interactions.Basic_Auth" name="BaseAuthLink" time="41.129"/>
  <testcase classname="locators_selenium_Interactions.Digest_Authentication" name="Digest_AuthenticationSignIn" time="43.087"/>
  <testcase classname="locators_selenium_Interactions.Digest_Authentication" name="verify" time="16.099"/>
  <testcase classname="locators_selenium_Interactions.Basic_Auth" name="verify" time="16.178"/>
</testsuite> <!-- Basic Auth And Digest Auth TestCases -->
