<?xml version="1.0" encoding="UTF-8"?>
<!-- Generated by org.testng.reporters.JUnitXMLReporter -->
<testsuite ignored="0" hostname="user-PC" failures="0" tests="2" name="Broken Images TestCases" time="11.92" errors="0" timestamp="2024-03-31T20:01:13 IST">
  <testcase classname="locators_selenium_Interactions.BrokenImages" name="MoveToBrokenImage" time="9.66"/>
  <testcase classname="locators_selenium_Interactions.BrokenImages" name="Broken_Images" time="2.202"/>
</testsuite> <!-- Broken Images TestCases -->
