<?xml version="1.0" encoding="UTF-8"?>
<!-- Generated by org.testng.reporters.JUnitXMLReporter -->
<testsuite ignored="0" hostname="user-PC" failures="0" tests="2" name="Challenging DOM Element Find TestCases" time="21.96" errors="0" timestamp="2024-03-31T20:01:35 IST">
  <testcase classname="locators_selenium_Interactions.Challenging_DOM" name="MoveToChallengingDOMLinnk" time="6.473"/>
  <testcase classname="locators_selenium_Interactions.Challenging_DOM" name="DomElementIdentify" time="15.453"/>
</testsuite> <!-- Challenging DOM Element Find TestCases -->
