<?xml version="1.0" encoding="UTF-8"?>
<!-- Generated by org.testng.reporters.JUnitXMLReporter -->
<testsuite ignored="0" hostname="user-PC" failures="0" tests="2" name="Checkboxes TestCases" time="2.885" errors="0" timestamp="2024-03-31T20:01:37 IST">
  <testcase classname="locators_selenium_Interactions.Checkboxes" name="MoveToCheckboxesLink" time="1.894"/>
  <testcase classname="locators_selenium_Interactions.Checkboxes" name="Check_boxes" time="0.968"/>
</testsuite> <!-- Checkboxes TestCases -->
