<?xml version="1.0" encoding="UTF-8"?>
<!-- Generated by org.testng.reporters.JUnitXMLReporter -->
<testsuite ignored="0" hostname="user-PC" failures="0" tests="2" name="ContextMenu TestCases" time="3.477" errors="0" timestamp="2024-03-31T20:01:41 IST">
  <testcase classname="locators_selenium_Interactions.Context_Menu" name="MoveToContextMenuLink" time="1.316"/>
  <testcase classname="locators_selenium_Interactions.Context_Menu" name="HandlingContextMenu" time="2.136"/>
</testsuite> <!-- ContextMenu TestCases -->
