<?xml version="1.0" encoding="UTF-8"?>
<!-- Generated by org.testng.reporters.JUnitXMLReporter -->
<testsuite ignored="0" hostname="user-PC" failures="0" tests="2" name="Digest_Authentication TestCases" time="35.88" errors="0" timestamp="2024-03-29T12:16:25 IST">
  <testcase classname="locators_selenium_Interactions.Digest_Authentication" name="Digest_AuthenticationSignIn" time="31.342"/>
  <testcase classname="locators_selenium_Interactions.Digest_Authentication" name="verify" time="4.507"/>
</testsuite> <!-- Digest_Authentication TestCases -->
