<?xml version="1.0" encoding="UTF-8"?>
<!-- Generated by org.testng.reporters.JUnitXMLReporter -->
<testsuite ignored="0" hostname="user-PC" failures="0" tests="2" name="Disappearing Elements TestCases" time="5.052" errors="0" timestamp="2024-03-31T20:01:46 IST">
  <testcase classname="locators_selenium_Interactions.Disappearing_Elements" name="DisappearingElementsLink" time="4.604"/>
  <testcase classname="locators_selenium_Interactions.Disappearing_Elements" name="HandlingDisappearingElements" time="0.426"/>
</testsuite> <!-- Disappearing Elements TestCases -->
