<?xml version="1.0" encoding="UTF-8"?>
<!-- Generated by org.testng.reporters.JUnitXMLReporter -->
<testsuite ignored="0" hostname="user-PC" failures="0" tests="5" name="Frames TestCases" time="15.57" errors="0" timestamp="2024-03-31T20:03:10 IST">
  <testcase classname="locators_selenium_Interactions.Frames_Interact" name="FramesLink" time="1.912"/>
  <testcase classname="locators_selenium_Interactions.Frames_Interact" name="NestedFrames" time="1.788"/>
  <testcase classname="locators_selenium_Interactions.Frames_Interact" name="NFrames" time="0.319"/>
  <testcase classname="locators_selenium_Interactions.Frames_Interact" name="MoveToIframe" time="11.378"/>
  <testcase classname="locators_selenium_Interactions.Frames_Interact" name="IFramesInteract" time="0.133"/>
</testsuite> <!-- Frames TestCases -->
