<?xml version="1.0" encoding="UTF-8"?>
<!-- Generated by org.testng.reporters.JUnitXMLReporter -->
<testsuite ignored="0" hostname="user-PC" failures="0" tests="2" name="Horizontal_Slider TestCases" time="2.376" errors="0" timestamp="2024-03-31T20:03:12 IST">
  <testcase classname="locators_selenium_Interactions.Horizontal_Slider" name="HorizontalSliderLink" time="2.004"/>
  <testcase classname="locators_selenium_Interactions.Horizontal_Slider" name="HorizontalSlider" time="0.361"/>
</testsuite> <!-- Horizontal_Slider TestCases -->
