<?xml version="1.0" encoding="UTF-8"?>
<!-- Generated by org.testng.reporters.JUnitXMLReporter -->
<testsuite ignored="0" hostname="user-PC" failures="0" tests="2" name="TestCases" time="2.774" errors="0" timestamp="2024-03-13T19:54:24 IST">
  <testcase classname="locators_selenium_Interactions.AddAndRemove_Elements" name="MoveTOAdd_RemoveLink" time="1.047"/>
  <testcase classname="locators_selenium_Interactions.AddAndRemove_Elements" name="Add_RemoveElements" time="1.588"/>
</testsuite> <!-- TestCases -->
